<?xml version="1.0" encoding="UTF-8"?>
<!-- Generated by org.testng.reporters.JUnitXMLReporter -->
<testsuite hostname="INBANN0MB1751" name="Default test" tests="3" failures="0" timestamp="28 Jan 2015 08:23:40 GMT" time="0.871" errors="0">
  <testcase name="test1" time="0.092" classname="com.qtpselenium.framework.suiteA.Test1"/>
  <testcase name="test1" time="0.061" classname="com.qtpselenium.framework.suiteA.Test1">
    <skipped/>
  </testcase> <!-- test1 -->
  <testcase name="test1" time="0.058" classname="com.qtpselenium.framework.suiteA.Test1"/>
</testsuite> <!-- Default test -->
