<?xml version="1.0" encoding="UTF-8"?>
<!-- Generated by org.testng.reporters.JUnitXMLReporter -->
<testsuite hostname="INBANN0MB1751" name="Test 1" tests="3" failures="0" timestamp="27 Jan 2015 02:57:39 GMT" time="1.119" errors="0">
  <testcase name="test1" time="0.102" classname="com.qtpselenium.framework.suiteA.Test1"/>
  <testcase name="test1" time="0.072" classname="com.qtpselenium.framework.suiteA.Test1">
    <skipped/>
  </testcase> <!-- test1 -->
  <testcase name="test1" time="0.069" classname="com.qtpselenium.framework.suiteA.Test1"/>
</testsuite> <!-- Test 1 -->
