<?xml version="1.0" encoding="UTF-8"?>
<testng-results skipped="1" failed="0" total="3" passed="2">
  <reporter-output>
  </reporter-output>
  <suite name="Default suite" duration-ms="871" started-at="2015-01-28T08:23:39Z" finished-at="2015-01-28T08:23:40Z">
    <groups>
    </groups>
    <test name="Default test" duration-ms="871" started-at="2015-01-28T08:23:39Z" finished-at="2015-01-28T08:23:40Z">
      <class name="com.qtpselenium.framework.suiteA.Test1">
        <test-method status="PASS" signature="test1(java.util.Hashtable)[pri:0, instance:com.qtpselenium.framework.suiteA.Test1@54f742]" name="test1" duration-ms="92" started-at="2015-01-28T13:53:40Z" data-provider="suiteADataProvider" finished-at="2015-01-28T13:53:40Z">
          <params>
            <param index="0">
              <value>
                <![CDATA[{Col3=C31, Col2=C21, Col1=C11, Runmode=Y, Result=}]]>
              </value>
            </param>
          </params>
          <reporter-output>
          </reporter-output>
        </test-method> <!-- test1 -->
        <test-method status="SKIP" signature="test1(java.util.Hashtable)[pri:0, instance:com.qtpselenium.framework.suiteA.Test1@54f742]" name="test1" duration-ms="61" started-at="2015-01-28T13:53:40Z" data-provider="suiteADataProvider" finished-at="2015-01-28T13:53:40Z">
          <params>
            <param index="0">
              <value>
                <![CDATA[{Col3=C32, Col2=C22, Col1=C21, Runmode=N, Result=}]]>
              </value>
            </param>
          </params>
          <exception class="org.testng.SkipException">
            <message>
              <![CDATA[skipped]]>
            </message>
            <full-stacktrace>
              <![CDATA[org.testng.SkipException: skipped
	at com.qtpselenium.framework.util.TestBase.validatRunModes(TestBase.java:45)
	at com.qtpselenium.framework.suiteA.Test1.test1(Test1.java:19)
	at sun.reflect.NativeMethodAccessorImpl.invoke0(Native Method)
	at sun.reflect.NativeMethodAccessorImpl.invoke(Unknown Source)
	at sun.reflect.DelegatingMethodAccessorImpl.invoke(Unknown Source)
	at java.lang.reflect.Method.invoke(Unknown Source)
	at org.testng.internal.MethodInvocationHelper.invokeMethod(MethodInvocationHelper.java:84)
	at org.testng.internal.Invoker.invokeMethod(Invoker.java:714)
	at org.testng.internal.Invoker.invokeTestMethod(Invoker.java:901)
	at org.testng.internal.Invoker.invokeTestMethods(Invoker.java:1231)
	at org.testng.internal.TestMethodWorker.invokeTestMethods(TestMethodWorker.java:127)
	at org.testng.internal.TestMethodWorker.run(TestMethodWorker.java:111)
	at org.testng.TestRunner.privateRun(TestRunner.java:767)
	at org.testng.TestRunner.run(TestRunner.java:617)
	at org.testng.SuiteRunner.runTest(SuiteRunner.java:334)
	at org.testng.SuiteRunner.runSequentially(SuiteRunner.java:329)
	at org.testng.SuiteRunner.privateRun(SuiteRunner.java:291)
	at org.testng.SuiteRunner.run(SuiteRunner.java:240)
	at org.testng.SuiteRunnerWorker.runSuite(SuiteRunnerWorker.java:52)
	at org.testng.SuiteRunnerWorker.run(SuiteRunnerWorker.java:86)
	at org.testng.TestNG.runSuitesSequentially(TestNG.java:1224)
	at org.testng.TestNG.runSuitesLocally(TestNG.java:1149)
	at org.testng.TestNG.run(TestNG.java:1057)
	at org.testng.remote.RemoteTestNG.run(RemoteTestNG.java:111)
	at org.testng.remote.RemoteTestNG.initAndRun(RemoteTestNG.java:204)
	at org.testng.remote.RemoteTestNG.main(RemoteTestNG.java:175)
]]>
            </full-stacktrace>
          </exception> <!-- org.testng.SkipException -->
          <reporter-output>
          </reporter-output>
        </test-method> <!-- test1 -->
        <test-method status="PASS" signature="test1(java.util.Hashtable)[pri:0, instance:com.qtpselenium.framework.suiteA.Test1@54f742]" name="test1" duration-ms="58" started-at="2015-01-28T13:53:40Z" data-provider="suiteADataProvider" finished-at="2015-01-28T13:53:40Z">
          <params>
            <param index="0">
              <value>
                <![CDATA[{Col3=C33, Col2=C23, Col1=C31, Runmode=Y, Result=}]]>
              </value>
            </param>
          </params>
          <reporter-output>
          </reporter-output>
        </test-method> <!-- test1 -->
      </class> <!-- com.qtpselenium.framework.suiteA.Test1 -->
    </test> <!-- Default test -->
  </suite> <!-- Default suite -->
</testng-results>
